<?xml version="1.0" encoding="UTF-8"?>
<testng-results skipped="0" failed="0" ignored="0" total="1" passed="1">
  <reporter-output>
  </reporter-output>
  <suite name="Suite" duration-ms="4130" started-at="2023-03-19T10:12:16 IST" finished-at="2023-03-19T10:12:20 IST">
    <groups>
    </groups>
    <test name="Test" duration-ms="4130" started-at="2023-03-19T10:12:16 IST" finished-at="2023-03-19T10:12:20 IST">
      <class name="tests.Test1">
        <test-method status="PASS" signature="method()[pri:0, instance:tests.Test1@74a10858]" name="method" duration-ms="4099" started-at="2023-03-19T10:12:16 IST" finished-at="2023-03-19T10:12:20 IST">
          <reporter-output>
          </reporter-output>
        </test-method> <!-- method -->
      </class> <!-- tests.Test1 -->
    </test> <!-- Test -->
  </suite> <!-- Suite -->
</testng-results>
