<?xml version="1.0" encoding="UTF-8"?>
<testng-results skipped="0" failed="0" ignored="0" total="1" passed="1">
  <reporter-output>
  </reporter-output>
  <suite name="Default suite" duration-ms="6627" started-at="2023-03-18T21:09:23 IST" finished-at="2023-03-18T21:09:30 IST">
    <groups>
    </groups>
    <test name="Default test" duration-ms="6627" started-at="2023-03-18T21:09:23 IST" finished-at="2023-03-18T21:09:30 IST">
      <class name="tests.Test1">
        <test-method status="PASS" signature="method()[pri:0, instance:tests.Test1@32eebfca]" name="method" duration-ms="6591" started-at="2023-03-18T21:09:23 IST" finished-at="2023-03-18T21:09:30 IST">
          <reporter-output>
          </reporter-output>
        </test-method> <!-- method -->
      </class> <!-- tests.Test1 -->
    </test> <!-- Default test -->
  </suite> <!-- Default suite -->
</testng-results>
